<?xml version="1.0" encoding="UTF-8"?>
<testsuite xmlns:xsi="http://www.w3.org/2001/XMLSchema-instance" xsi:noNamespaceSchemaLocation="https://maven.apache.org/surefire/maven-surefire-plugin/xsd/surefire-test-report-3.0.xsd" version="3.0" name="com.smwajahat.adil.orderservice.OrderServiceApplicationTests" time="10.566" tests="1" errors="0" skipped="0" failures="0">
  <properties>
[...]
</properties>
  <testcase name="contextLoads" classname="com.smwajahat.adil.orderservice.OrderServiceApplicationTests" time="0.731">
    <system-out><![CDATA[20:33:20.159 [main] INFO org.springframework.test.context.support.AnnotationConfigContextLoaderUtils -- Could not detect default configuration classes for test class [com.smwajahat.adil.orderservice.OrderServiceApplicationTests]: OrderServiceApplicationTests does not declare any static, non-private, non-final, nested classes annotated with @Configuration.
20:33:20.614 [main] INFO org.springframework.boot.test.context.SpringBootTestContextBootstrapper -- Found @SpringBootConfiguration com.smwajahat.adil.orderservice.OrderServiceApplication for test class com.smwajahat.adil.orderservice.OrderServiceApplicationTests

  .   ____          _            __ _ _
 /\\ / ___'_ __ _ _(_)_ __  __ _ \ \ \ \
( ( )\___ | '_ | '_| | '_ \/ _` | \ \ \ \
 \\/  ___)| |_)| | | | | || (_| |  ) ) ) )
  '  |____| .__|_| |_|_| |_\__, | / / / /
 =========|_|==============|___/=/_/_/_/
 :: Spring Boot ::                (v3.1.3)

2023-09-08T20:33:21.815+05:00  INFO 43454 --- [           main] c.s.a.o.OrderServiceApplicationTests     : Starting OrderServiceApplicationTests using Java 17.0.4.1 with PID 43454 (started by swajahat in /Users/swajahat/Documents/Wjahat-Micro-Services/microservices-wjahat-adil/order-service)
2023-09-08T20:33:21.818+05:00  INFO 43454 --- [           main] c.s.a.o.OrderServiceApplicationTests     : No active profile set, falling back to 1 default profile: "default"
2023-09-08T20:33:23.293+05:00  INFO 43454 --- [           main] .s.d.r.c.RepositoryConfigurationDelegate : Bootstrapping Spring Data JPA repositories in DEFAULT mode.
2023-09-08T20:33:23.785+05:00  INFO 43454 --- [           main] .s.d.r.c.RepositoryConfigurationDelegate : Finished Spring Data repository scanning in 470 ms. Found 1 JPA repository interfaces.
2023-09-08T20:33:24.660+05:00  INFO 43454 --- [           main] o.hibernate.jpa.internal.util.LogHelper  : HHH000204: Processing PersistenceUnitInfo [name: default]
2023-09-08T20:33:24.729+05:00  INFO 43454 --- [           main] org.hibernate.Version                    : HHH000412: Hibernate ORM core version 6.2.7.Final
2023-09-08T20:33:24.731+05:00  INFO 43454 --- [           main] org.hibernate.cfg.Environment            : HHH000406: Using bytecode reflection optimizer
2023-09-08T20:33:24.936+05:00  INFO 43454 --- [           main] o.h.b.i.BytecodeProviderInitiator        : HHH000021: Bytecode provider name : bytebuddy
2023-09-08T20:33:25.131+05:00  INFO 43454 --- [           main] o.s.o.j.p.SpringPersistenceUnitInfo      : No LoadTimeWeaver setup: ignoring JPA class transformer
2023-09-08T20:33:25.153+05:00  INFO 43454 --- [           main] com.zaxxer.hikari.HikariDataSource       : HikariPool-1 - Starting...
2023-09-08T20:33:26.070+05:00  INFO 43454 --- [           main] com.zaxxer.hikari.pool.HikariPool        : HikariPool-1 - Added connection com.mysql.cj.jdbc.ConnectionImpl@274bae2c
2023-09-08T20:33:26.074+05:00  INFO 43454 --- [           main] com.zaxxer.hikari.HikariDataSource       : HikariPool-1 - Start completed.
2023-09-08T20:33:26.521+05:00  INFO 43454 --- [           main] o.h.b.i.BytecodeProviderInitiator        : HHH000021: Bytecode provider name : bytebuddy
2023-09-08T20:33:27.632+05:00  INFO 43454 --- [           main] o.h.e.t.j.p.i.JtaPlatformInitiator       : HHH000490: Using JtaPlatform implementation: [org.hibernate.engine.transaction.jta.platform.internal.NoJtaPlatform]
2023-09-08T20:33:27.900+05:00  INFO 43454 --- [           main] j.LocalContainerEntityManagerFactoryBean : Initialized JPA EntityManagerFactory for persistence unit 'default'
2023-09-08T20:33:28.930+05:00  WARN 43454 --- [           main] JpaBaseConfiguration$JpaWebConfiguration : spring.jpa.open-in-view is enabled by default. Therefore, database queries may be performed during view rendering. Explicitly configure spring.jpa.open-in-view to disable this warning
2023-09-08T20:33:29.451+05:00  INFO 43454 --- [           main] c.s.a.o.OrderServiceApplicationTests     : Started OrderServiceApplicationTests in 8.173 seconds (process running for 10.768)
]]></system-out>
  </testcase>
</testsuite>