<?xml version="1.0" encoding="UTF-8"?>
<testsuite xmlns:xsi="http://www.w3.org/2001/XMLSchema-instance" xsi:noNamespaceSchemaLocation="https://maven.apache.org/surefire/maven-surefire-plugin/xsd/surefire-test-report-3.0.xsd" version="3.0" name="com.smwajahat.adil.microservicesproject.ApplicationTests" time="24.541" tests="1" errors="0" skipped="0" failures="0">
  <properties>
[...]
</properties>
  <testcase name="shouldCreateProduct" classname="com.smwajahat.adil.microservicesproject.ApplicationTests" time="1.277">
    <system-out><![CDATA[14:47:52.705 [main] INFO org.springframework.test.context.support.AnnotationConfigContextLoaderUtils -- Could not detect default configuration classes for test class [com.smwajahat.adil.microservicesproject.ApplicationTests]: ApplicationTests does not declare any static, non-private, non-final, nested classes annotated with @Configuration.
14:47:52.887 [main] INFO org.springframework.boot.test.context.SpringBootTestContextBootstrapper -- Found @SpringBootConfiguration com.smwajahat.adil.microservicesproject.ProductApplication for test class com.smwajahat.adil.microservicesproject.ApplicationTests
14:47:53.139 [main] INFO org.testcontainers.utility.ImageNameSubstitutor -- Image name substitution will be performed by: DefaultImageNameSubstitutor (composite of 'ConfigurationFileImageNameSubstitutor' and 'PrefixingImageNameSubstitutor')
14:47:53.549 [main] INFO org.testcontainers.dockerclient.DockerClientProviderStrategy -- Loaded org.testcontainers.dockerclient.UnixSocketClientProviderStrategy from ~/.testcontainers.properties, will try it first
14:47:54.609 [main] WARN org.testcontainers.dockerclient.DockerClientProviderStrategy -- DOCKER_HOST tcp://127.0.0.1:49689 is not listening
14:47:55.614 [main] WARN org.testcontainers.dockerclient.DockerClientProviderStrategy -- DOCKER_HOST tcp://127.0.0.1:49689 is not listening
14:47:55.952 [main] INFO org.testcontainers.dockerclient.DockerClientProviderStrategy -- Found Docker environment with local Unix socket (unix:///var/run/docker.sock)
14:47:55.954 [main] INFO org.testcontainers.DockerClientFactory -- Docker host IP address is localhost
14:47:55.968 [main] INFO org.testcontainers.DockerClientFactory -- Connected to docker: 
  Server Version: 24.0.5
  API Version: 1.43
  Operating System: Docker Desktop
  Total Memory: 7859 MB
14:47:55.976 [main] INFO org.testcontainers.DockerClientFactory -- Checking the system...
14:47:55.977 [main] INFO org.testcontainers.DockerClientFactory -- ?? Docker server version should be at least 1.6.0
14:47:55.992 [main] INFO tc.mongo:4.4.2 -- Creating container for image: mongo:4.4.2
14:47:56.758 [main] INFO org.testcontainers.utility.RegistryAuthLocator -- Credential helper/store (docker-credential-desktop) does not have credentials for https://index.docker.io/v1/
14:47:56.772 [main] INFO tc.testcontainers/ryuk:0.5.1 -- Creating container for image: testcontainers/ryuk:0.5.1
14:48:08.567 [main] INFO tc.testcontainers/ryuk:0.5.1 -- Container testcontainers/ryuk:0.5.1 is starting: 7fabe5934711222cc057ccb61cf1867c327c8e82bf72e6f91985fef4e2fd8dbf
14:48:10.016 [main] INFO tc.testcontainers/ryuk:0.5.1 -- Container testcontainers/ryuk:0.5.1 started in PT13.244238S
14:48:10.170 [main] INFO tc.mongo:4.4.2 -- Container mongo:4.4.2 is starting: 7b2cc246b72dac5273b801713fd5f896ee286f75ba07738a46122d8435344e1c
14:48:11.765 [main] INFO tc.mongo:4.4.2 -- Container mongo:4.4.2 started in PT15.78738S

  .   ____          _            __ _ _
 /\\ / ___'_ __ _ _(_)_ __  __ _ \ \ \ \
( ( )\___ | '_ | '_| | '_ \/ _` | \ \ \ \
 \\/  ___)| |_)| | | | | || (_| |  ) ) ) )
  '  |____| .__|_| |_|_| |_\__, | / / / /
 =========|_|==============|___/=/_/_/_/
 :: Spring Boot ::                (v3.1.3)

2023-09-08T14:48:12.877+05:00  INFO 11570 --- [           main] c.s.a.m.ApplicationTests                 : Starting ApplicationTests using Java 17.0.4.1 with PID 11570 (started by swajahat in /Users/swajahat/Documents/Wjahat-Micro-Services/microservices-wjahat-adil/product-service)
2023-09-08T14:48:12.879+05:00  INFO 11570 --- [           main] c.s.a.m.ApplicationTests                 : No active profile set, falling back to 1 default profile: "default"
2023-09-08T14:48:13.712+05:00  INFO 11570 --- [           main] .s.d.r.c.RepositoryConfigurationDelegate : Bootstrapping Spring Data MongoDB repositories in DEFAULT mode.
2023-09-08T14:48:13.802+05:00  INFO 11570 --- [           main] .s.d.r.c.RepositoryConfigurationDelegate : Finished Spring Data repository scanning in 82 ms. Found 1 MongoDB repository interfaces.
2023-09-08T14:48:14.430+05:00  INFO 11570 --- [           main] org.mongodb.driver.client                : MongoClient with metadata {"driver": {"name": "mongo-java-driver|sync|spring-boot", "version": "4.9.1"}, "os": {"type": "Darwin", "name": "Mac OS X", "architecture": "x86_64", "version": "11.7"}, "platform": "Java/Oracle Corporation/17.0.4.1+1-LTS-2"} created with settings MongoClientSettings{readPreference=primary, writeConcern=WriteConcern{w=null, wTimeout=null ms, journal=null}, retryWrites=true, retryReads=true, readConcern=ReadConcern{level=null}, credential=null, streamFactoryFactory=null, commandListeners=[], codecRegistry=ProvidersCodecRegistry{codecProviders=[ValueCodecProvider{}, BsonValueCodecProvider{}, DBRefCodecProvider{}, DBObjectCodecProvider{}, DocumentCodecProvider{}, CollectionCodecProvider{}, IterableCodecProvider{}, MapCodecProvider{}, GeoJsonCodecProvider{}, GridFSFileCodecProvider{}, Jsr310CodecProvider{}, JsonObjectCodecProvider{}, BsonCodecProvider{}, EnumCodecProvider{}, com.mongodb.client.model.mql.ExpressionCodecProvider@5f193335, com.mongodb.Jep395RecordCodecProvider@19002b34]}, loggerSettings=LoggerSettings{maxDocumentLength=1000}, clusterSettings={hosts=[localhost:56083], srvServiceName=mongodb, mode=SINGLE, requiredClusterType=UNKNOWN, requiredReplicaSetName='null', serverSelector='null', clusterListeners='[]', serverSelectionTimeout='30000 ms', localThreshold='30000 ms'}, socketSettings=SocketSettings{connectTimeoutMS=10000, readTimeoutMS=0, receiveBufferSize=0, sendBufferSize=0}, heartbeatSocketSettings=SocketSettings{connectTimeoutMS=10000, readTimeoutMS=10000, receiveBufferSize=0, sendBufferSize=0}, connectionPoolSettings=ConnectionPoolSettings{maxSize=100, minSize=0, maxWaitTimeMS=120000, maxConnectionLifeTimeMS=0, maxConnectionIdleTimeMS=0, maintenanceInitialDelayMS=0, maintenanceFrequencyMS=60000, connectionPoolListeners=[], maxConnecting=2}, serverSettings=ServerSettings{heartbeatFrequencyMS=10000, minHeartbeatFrequencyMS=500, serverListeners='[]', serverMonitorListeners='[]'}, sslSettings=SslSettings{enabled=false, invalidHostNameAllowed=false, context=null}, applicationName='null', compressorList=[], uuidRepresentation=JAVA_LEGACY, serverApi=null, autoEncryptionSettings=null, contextProvider=null}
2023-09-08T14:48:14.468+05:00  INFO 11570 --- [localhost:56083] org.mongodb.driver.cluster               : Monitor thread successfully connected to server with description ServerDescription{address=localhost:56083, type=REPLICA_SET_PRIMARY, state=CONNECTED, ok=true, minWireVersion=0, maxWireVersion=9, maxDocumentSize=16777216, logicalSessionTimeoutMinutes=30, roundTripTimeNanos=41767270, setName='docker-rs', canonicalAddress=7b2cc246b72d:27017, hosts=[7b2cc246b72d:27017], passives=[], arbiters=[], primary='7b2cc246b72d:27017', tagSet=TagSet{[]}, electionId=7fffffff0000000000000001, setVersion=1, topologyVersion=TopologyVersion{processId=64faedda9f1065a6251c2ab1, counter=6}, lastWriteDate=Fri Sep 08 14:48:12 PKT 2023, lastUpdateTimeNanos=22162058347067}
2023-09-08T14:48:15.437+05:00  INFO 11570 --- [           main] o.s.b.t.m.w.SpringBootMockServletContext : Initializing Spring TestDispatcherServlet ''
2023-09-08T14:48:15.437+05:00  INFO 11570 --- [           main] o.s.t.web.servlet.TestDispatcherServlet  : Initializing Servlet ''
2023-09-08T14:48:15.439+05:00  INFO 11570 --- [           main] o.s.t.web.servlet.TestDispatcherServlet  : Completed initialization in 1 ms
2023-09-08T14:48:15.458+05:00  INFO 11570 --- [           main] c.s.a.m.ApplicationTests                 : Started ApplicationTests in 2.966 seconds (process running for 23.754)
Called
2023-09-08T14:48:16.698+05:00  INFO 11570 --- [           main] c.s.a.m.service.ProductService           : Product 64faede07332ea5814871dd2 is saved in database
]]></system-out>
  </testcase>
</testsuite>